<?xml version="1.0" encoding="UTF-8"?>
<testng-results ignored="0" total="1" passed="1" failed="0" skipped="0">
  <reporter-output>
  </reporter-output>
  <suite started-at="2025-11-05T16:01:47 IST" name="Surefire suite" finished-at="2025-11-05T16:02:01 IST" duration-ms="14134">
    <groups>
    </groups>
    <test started-at="2025-11-05T16:01:47 IST" name="Surefire test" finished-at="2025-11-05T16:02:01 IST" duration-ms="14134">
      <class name="Tests.FirstTest">
        <test-method signature="verifyTitle()[pri:0, instance:Tests.FirstTest@6385cb26]" started-at="2025-11-05T16:01:47 IST" name="verifyTitle" finished-at="2025-11-05T16:02:01 IST" duration-ms="14099" status="PASS">
          <reporter-output>
          </reporter-output>
        </test-method> <!-- verifyTitle -->
      </class> <!-- Tests.FirstTest -->
    </test> <!-- Surefire test -->
  </suite> <!-- Surefire suite -->
</testng-results>
